<?xml version="1.0" encoding="UTF-8"?>
<!-- Generated by org.testng.reporters.JUnitReportReporter -->
<testsuite hostname="CodeOne" failures="0" tests="2" name="com.amfam.test.home.HomeTestRobust" time="0.002" errors="0" timestamp="2022-05-18T23:18:31 EDT" skipped="0">
  <testcase classname="com.amfam.test.home.HomeTestRobust" name="homeTest2" time="0.001"/>
  <system-out/>
  <testcase classname="com.amfam.test.home.HomeTestRobust" name="homeTest1" time="0.001"/>
  <system-out/>
</testsuite> <!-- com.amfam.test.home.HomeTestRobust -->
