<?xml version="1.0" encoding="UTF-8"?>
<!-- Generated by org.testng.reporters.JUnitReportReporter -->
<testsuite hostname="CodeOne" failures="0" tests="1" name="com.amfam.com.testPackage.CarTest" time="32.112" errors="0" timestamp="2022-05-07T19:02:46 EDT" skipped="0">
  <testcase classname="com.amfam.com.testPackage.CarTest" name="carTest" time="32.112"/>
  <system-out>
    <![CDATA[Element is clicking : [[ChromeDriver: chrome on WINDOWS (b720159fd0f24661032cc58df21eb853)] -> xpath: //button[@class='LeadRouting__select a'][1]]<br>
07457 : value passed to element : [[ChromeDriver: chrome on WINDOWS (b720159fd0f24661032cc58df21eb853)] -> id: uid_54]<br>
Element is clicking : Proxy element for: DefaultElementLocator 'By.xpath: (//span[@class='LoadingButton__content'])[1]'<br>
Element is clicking : Proxy element for: DefaultElementLocator 'By.xpath: //span[text()='Get a Quote']'<br>
07457 : value passed to element : [[ChromeDriver: chrome on WINDOWS (b720159fd0f24661032cc58df21eb853)] -> id: uid_34]<br>
Element is clicking : [[ChromeDriver: chrome on WINDOWS (b720159fd0f24661032cc58df21eb853)] -> xpath: (//button[@type='submit'])[1]]<br>
Jordan : value passed to element : [[ChromeDriver: chrome on WINDOWS (b720159fd0f24661032cc58df21eb853)] -> id: F_PH_FirstName_0]<br>
Z : value passed to element : [[ChromeDriver: chrome on WINDOWS (b720159fd0f24661032cc58df21eb853)] -> id: F_PH_MiddleInitial_0]<br>
Pippen : value passed to element : [[ChromeDriver: chrome on WINDOWS (b720159fd0f24661032cc58df21eb853)] -> id: F_PH_LastName_0]<br>
082382 : value passed to element : [[ChromeDriver: chrome on WINDOWS (b720159fd0f24661032cc58df21eb853)] -> id: F_PH_DOB_0]<br>
1 South Corporate Drive : value passed to element : [[ChromeDriver: chrome on WINDOWS (b720159fd0f24661032cc58df21eb853)] -> id: F_street_0]<br>
Riverdale : value passed to element : [[ChromeDriver: chrome on WINDOWS (b720159fd0f24661032cc58df21eb853)] -> id: F_city_0]<br>
07457 : value passed to element : [[ChromeDriver: chrome on WINDOWS (b720159fd0f24661032cc58df21eb853)] -> id: F_zipCode_0]<br>
20 : value passed to element : [[ChromeDriver: chrome on WINDOWS (b720159fd0f24661032cc58df21eb853)] -> id: F_livingYear_0]<br>]]>
  </system-out>
</testsuite> <!-- com.amfam.com.testPackage.CarTest -->
