<?xml version="1.0" encoding="UTF-8"?>
<!-- Generated by org.testng.reporters.JUnitReportReporter -->
<testsuite hostname="CodeOne" failures="0" tests="2" name="com.amfam.test.auto.AutoTestDataProviderClass" time="127.307" errors="0" timestamp="2022-05-24T21:34:16 EDT" skipped="0">
  <testcase classname="com.amfam.test.auto.AutoTestDataProviderClass" name="autoTestWithDataProviderClass" time="57.290"/>
  <system-out>
    <![CDATA[Element is clicking : [[ChromeDriver: chrome on WINDOWS (44d6e36ec781fa22c4226a9dfcc0e84b)] -> xpath: //button[@class='LeadRouting__select a'][1]]<br><br>
07424 : value passed to element : [[ChromeDriver: chrome on WINDOWS (44d6e36ec781fa22c4226a9dfcc0e84b)] -> id: uid_54]<br><br>
Element is clicking : Proxy element for: DefaultElementLocator 'By.xpath: (//span[@class='LoadingButton__content'])[1]'<br><br>
Element is clicking : Proxy element for: DefaultElementLocator 'By.xpath: //span[text()='Get a Quote']'<br><br>
07424 : value passed to element : [[ChromeDriver: chrome on WINDOWS (44d6e36ec781fa22c4226a9dfcc0e84b)] -> id: uid_34]<br><br>
A : value has been selected from the element : [[ChromeDriver: chrome on WINDOWS (44d6e36ec781fa22c4226a9dfcc0e84b)] -> id: uid_37]<br><br>
Element is clicking : [[ChromeDriver: chrome on WINDOWS (44d6e36ec781fa22c4226a9dfcc0e84b)] -> xpath: (//button[@type='submit'])[1]]<br><br>
Palace : value passed to element : [[ChromeDriver: chrome on WINDOWS (44d6e36ec781fa22c4226a9dfcc0e84b)] -> id: F_PH_FirstName_0]<br><br>
Z : value passed to element : [[ChromeDriver: chrome on WINDOWS (44d6e36ec781fa22c4226a9dfcc0e84b)] -> id: F_PH_MiddleInitial_0]<br><br>
Laundromat : value passed to element : [[ChromeDriver: chrome on WINDOWS (44d6e36ec781fa22c4226a9dfcc0e84b)] -> id: F_PH_LastName_0]<br><br>
01231982 : value passed to element : [[ChromeDriver: chrome on WINDOWS (44d6e36ec781fa22c4226a9dfcc0e84b)] -> id: F_PH_DOB_0]<br><br>
youcanemail@gmail.com : value passed to element : [[ChromeDriver: chrome on WINDOWS (44d6e36ec781fa22c4226a9dfcc0e84b)] -> id: F_PH_email_0]<br><br>
Woodland Park : value passed to element : [[ChromeDriver: chrome on WINDOWS (44d6e36ec781fa22c4226a9dfcc0e84b)] -> id: F_city_0]<br><br>
1116 McBride Ave : value passed to element : [[ChromeDriver: chrome on WINDOWS (44d6e36ec781fa22c4226a9dfcc0e84b)] -> id: F_street_0]<br><br>
NJ : value has been selected from the element : [[ChromeDriver: chrome on WINDOWS (44d6e36ec781fa22c4226a9dfcc0e84b)] -> id: F_state_0]<br><br>
07424 : value passed to element : [[ChromeDriver: chrome on WINDOWS (44d6e36ec781fa22c4226a9dfcc0e84b)] -> id: F_zipCode_0]<br><br>
2003 : value passed to element : [[ChromeDriver: chrome on WINDOWS (44d6e36ec781fa22c4226a9dfcc0e84b)] -> id: F_livingYear_0]<br><br>
Element is clicking : [[ChromeDriver: chrome on WINDOWS (44d6e36ec781fa22c4226a9dfcc0e84b)] -> xpath: //span[text()='Continue ']]<br><br>
2021 : value passed to element : [[ChromeDriver: chrome on WINDOWS (44d6e36ec781fa22c4226a9dfcc0e84b)] -> id: F_year_0]<br><br>
TYTA : value has been selected from the element : [[ChromeDriver: chrome on WINDOWS (44d6e36ec781fa22c4226a9dfcc0e84b)] -> id: F_make_0]<br><br>
CAMRY LE AWD : value has been selected from the element : [[ChromeDriver: chrome on WINDOWS (44d6e36ec781fa22c4226a9dfcc0e84b)] -> id: F_model_0]<br><br>
SEDAN 4D, V4, 2.5L, 4WD : value has been selected from the element : [[ChromeDriver: chrome on WINDOWS (44d6e36ec781fa22c4226a9dfcc0e84b)] -> id: F_subModel_0]<br><br>
002 : value has been selected from the element : [[ChromeDriver: chrome on WINDOWS (44d6e36ec781fa22c4226a9dfcc0e84b)] -> id: F_coverage_0]<br><br>
3 : value has been selected from the element : [[ChromeDriver: chrome on WINDOWS (44d6e36ec781fa22c4226a9dfcc0e84b)] -> id: F_ownerTitle_0]<br><br>
3 : value has been selected from the element : [[ChromeDriver: chrome on WINDOWS (44d6e36ec781fa22c4226a9dfcc0e84b)] -> id: F_airbags_0]<br><br>
2 : value has been selected from the element : [[ChromeDriver: chrome on WINDOWS (44d6e36ec781fa22c4226a9dfcc0e84b)] -> id: F_alarm_0]<br><br>
3 : value has been selected from the element : [[ChromeDriver: chrome on WINDOWS (44d6e36ec781fa22c4226a9dfcc0e84b)] -> id: F_residentialParking_0]<br><br>
1 : value has been selected from the element : [[ChromeDriver: chrome on WINDOWS (44d6e36ec781fa22c4226a9dfcc0e84b)] -> xpath: //select[@id='F_usage_0']]<br><br>
Element is clicking : [[ChromeDriver: chrome on WINDOWS (44d6e36ec781fa22c4226a9dfcc0e84b)] -> xpath: //input[@id='F_anotherVehicle_id_0_1']]<br><br>
Element is clicking : [[ChromeDriver: chrome on WINDOWS (44d6e36ec781fa22c4226a9dfcc0e84b)] -> id: F_continue_0]<br><br>]]>
  </system-out>
  <testcase classname="com.amfam.test.auto.AutoTestDataProviderClass" name="autoTestWithDataProviderClass" time="70.017"/>
  <system-out>
    <![CDATA[Element is clicking : [[ChromeDriver: chrome on WINDOWS (74353c381e66ffdfa87ff1cdaa248e0b)] -> xpath: //button[@class='LeadRouting__select a'][1]]<br><br>
07508 : value passed to element : [[ChromeDriver: chrome on WINDOWS (74353c381e66ffdfa87ff1cdaa248e0b)] -> id: uid_54]<br><br>
Element is clicking : Proxy element for: DefaultElementLocator 'By.xpath: (//span[@class='LoadingButton__content'])[1]'<br><br>
Element is clicking : Proxy element for: DefaultElementLocator 'By.xpath: //span[text()='Get a Quote']'<br><br>
07508 : value passed to element : [[ChromeDriver: chrome on WINDOWS (74353c381e66ffdfa87ff1cdaa248e0b)] -> id: uid_34]<br><br>
A : value has been selected from the element : [[ChromeDriver: chrome on WINDOWS (74353c381e66ffdfa87ff1cdaa248e0b)] -> id: uid_37]<br><br>
Element is clicking : [[ChromeDriver: chrome on WINDOWS (74353c381e66ffdfa87ff1cdaa248e0b)] -> xpath: (//button[@type='submit'])[1]]<br><br>
Jimmy : value passed to element : [[ChromeDriver: chrome on WINDOWS (74353c381e66ffdfa87ff1cdaa248e0b)] -> id: F_PH_FirstName_0]<br><br>
Z : value passed to element : [[ChromeDriver: chrome on WINDOWS (74353c381e66ffdfa87ff1cdaa248e0b)] -> id: F_PH_MiddleInitial_0]<br><br>
Butler : value passed to element : [[ChromeDriver: chrome on WINDOWS (74353c381e66ffdfa87ff1cdaa248e0b)] -> id: F_PH_LastName_0]<br><br>
12251988 : value passed to element : [[ChromeDriver: chrome on WINDOWS (74353c381e66ffdfa87ff1cdaa248e0b)] -> id: F_PH_DOB_0]<br><br>
reachme@gmail.com : value passed to element : [[ChromeDriver: chrome on WINDOWS (74353c381e66ffdfa87ff1cdaa248e0b)] -> id: F_PH_email_0]<br><br>
Haledon : value passed to element : [[ChromeDriver: chrome on WINDOWS (74353c381e66ffdfa87ff1cdaa248e0b)] -> id: F_city_0]<br><br>
373 Hobart Ave : value passed to element : [[ChromeDriver: chrome on WINDOWS (74353c381e66ffdfa87ff1cdaa248e0b)] -> id: F_street_0]<br><br>
NJ : value has been selected from the element : [[ChromeDriver: chrome on WINDOWS (74353c381e66ffdfa87ff1cdaa248e0b)] -> id: F_state_0]<br><br>
07508 : value passed to element : [[ChromeDriver: chrome on WINDOWS (74353c381e66ffdfa87ff1cdaa248e0b)] -> id: F_zipCode_0]<br><br>
2003 : value passed to element : [[ChromeDriver: chrome on WINDOWS (74353c381e66ffdfa87ff1cdaa248e0b)] -> id: F_livingYear_0]<br><br>
Element is clicking : [[ChromeDriver: chrome on WINDOWS (74353c381e66ffdfa87ff1cdaa248e0b)] -> xpath: //span[text()='Continue ']]<br><br>
2021 : value passed to element : [[ChromeDriver: chrome on WINDOWS (74353c381e66ffdfa87ff1cdaa248e0b)] -> id: F_year_0]<br><br>
HOND : value has been selected from the element : [[ChromeDriver: chrome on WINDOWS (74353c381e66ffdfa87ff1cdaa248e0b)] -> id: F_make_0]<br><br>
CIVIC SPORT : value has been selected from the element : [[ChromeDriver: chrome on WINDOWS (74353c381e66ffdfa87ff1cdaa248e0b)] -> id: F_model_0]<br><br>
HCHBK 4D, V4, 1.5L, 2WD : value has been selected from the element : [[ChromeDriver: chrome on WINDOWS (74353c381e66ffdfa87ff1cdaa248e0b)] -> id: F_subModel_0]<br><br>
002 : value has been selected from the element : [[ChromeDriver: chrome on WINDOWS (74353c381e66ffdfa87ff1cdaa248e0b)] -> id: F_coverage_0]<br><br>
2 : value has been selected from the element : [[ChromeDriver: chrome on WINDOWS (74353c381e66ffdfa87ff1cdaa248e0b)] -> id: F_ownerTitle_0]<br><br>
3 : value has been selected from the element : [[ChromeDriver: chrome on WINDOWS (74353c381e66ffdfa87ff1cdaa248e0b)] -> id: F_airbags_0]<br><br>
2 : value has been selected from the element : [[ChromeDriver: chrome on WINDOWS (74353c381e66ffdfa87ff1cdaa248e0b)] -> id: F_alarm_0]<br><br>
3 : value has been selected from the element : [[ChromeDriver: chrome on WINDOWS (74353c381e66ffdfa87ff1cdaa248e0b)] -> id: F_residentialParking_0]<br><br>
2 : value has been selected from the element : [[ChromeDriver: chrome on WINDOWS (74353c381e66ffdfa87ff1cdaa248e0b)] -> xpath: //select[@id='F_usage_0']]<br><br>
Element is clicking : [[ChromeDriver: chrome on WINDOWS (74353c381e66ffdfa87ff1cdaa248e0b)] -> xpath: //input[@id='F_anotherVehicle_id_0_1']]<br><br>
Element is clicking : [[ChromeDriver: chrome on WINDOWS (74353c381e66ffdfa87ff1cdaa248e0b)] -> id: F_continue_0]<br><br>]]>
  </system-out>
</testsuite> <!-- com.amfam.test.auto.AutoTestDataProviderClass -->
