<?xml version="1.0" encoding="UTF-8"?>
<!-- Generated by org.testng.reporters.JUnitReportReporter -->
<testsuite hostname="CodeOne" failures="0" tests="1" name="com.amfam.com.test.CarTest" time="38.519" errors="0" timestamp="2022-05-06T21:21:03 EDT" skipped="0">
  <testcase classname="com.amfam.com.test.CarTest" name="carTest" time="38.519"/>
  <system-out>
    <![CDATA[Element is clicking : [[ChromeDriver: chrome on WINDOWS (f4999b32955c6166812b9c3f6b65ee5e)] -> xpath: //button[@class='LeadRouting__select a'][1]]<br>
07522 : value passed to element : [[ChromeDriver: chrome on WINDOWS (f4999b32955c6166812b9c3f6b65ee5e)] -> id: uid_54]<br>
Element is clicking : Proxy element for: DefaultElementLocator 'By.xpath: (//span[@class='LoadingButton__content'])[1]'<br>
Element is clicking : Proxy element for: DefaultElementLocator 'By.xpath: //span[text()='Get a Quote']'<br>
07522 : value passed to element : [[ChromeDriver: chrome on WINDOWS (f4999b32955c6166812b9c3f6b65ee5e)] -> id: uid_34]<br>
Element is clicking : [[ChromeDriver: chrome on WINDOWS (f4999b32955c6166812b9c3f6b65ee5e)] -> xpath: (//button[@type='submit'])[1]]<br>]]>
  </system-out>
</testsuite> <!-- com.amfam.com.test.CarTest -->
