<?xml version="1.0" encoding="UTF-8"?>
<!-- Generated by org.testng.reporters.JUnitReportReporter -->
<testsuite hostname="CodeOne" failures="0" tests="1" name="com.amfam.test.auto.CarTest" time="60.991" errors="0" timestamp="2022-05-17T20:26:40 EDT" skipped="0">
  <testcase classname="com.amfam.test.auto.CarTest" name="carTest" time="60.991"/>
  <system-out>
    <![CDATA[Element is clicking : [[ChromeDriver: chrome on WINDOWS (e8a9e8244450b2f1547f482f1b43d560)] -> xpath: //button[@class='LeadRouting__select a'][1]]<br>
07457 : value passed to element : [[ChromeDriver: chrome on WINDOWS (e8a9e8244450b2f1547f482f1b43d560)] -> id: uid_54]<br>
Element is clicking : Proxy element for: DefaultElementLocator 'By.xpath: (//span[@class='LoadingButton__content'])[1]'<br>
Element is clicking : Proxy element for: DefaultElementLocator 'By.xpath: //span[text()='Get a Quote']'<br>
07457 : value passed to element : [[ChromeDriver: chrome on WINDOWS (e8a9e8244450b2f1547f482f1b43d560)] -> id: uid_34]<br>
A : value has been selected from the element : [[ChromeDriver: chrome on WINDOWS (e8a9e8244450b2f1547f482f1b43d560)] -> id: uid_37]<br>
Element is clicking : [[ChromeDriver: chrome on WINDOWS (e8a9e8244450b2f1547f482f1b43d560)] -> xpath: (//button[@type='submit'])[1]]<br>
Jordan : value passed to element : [[ChromeDriver: chrome on WINDOWS (e8a9e8244450b2f1547f482f1b43d560)] -> id: F_PH_FirstName_0]<br>
Z : value passed to element : [[ChromeDriver: chrome on WINDOWS (e8a9e8244450b2f1547f482f1b43d560)] -> id: F_PH_MiddleInitial_0]<br>
Pippen : value passed to element : [[ChromeDriver: chrome on WINDOWS (e8a9e8244450b2f1547f482f1b43d560)] -> id: F_PH_LastName_0]<br>
01231982 : value passed to element : [[ChromeDriver: chrome on WINDOWS (e8a9e8244450b2f1547f482f1b43d560)] -> id: F_PH_DOB_0]<br>
disNuts@gmail.com : value passed to element : [[ChromeDriver: chrome on WINDOWS (e8a9e8244450b2f1547f482f1b43d560)] -> id: F_PH_email_0]<br>
Riverdale : value passed to element : [[ChromeDriver: chrome on WINDOWS (e8a9e8244450b2f1547f482f1b43d560)] -> id: F_city_0]<br>
1 S Corporate Dr : value passed to element : [[ChromeDriver: chrome on WINDOWS (e8a9e8244450b2f1547f482f1b43d560)] -> id: F_street_0]<br>
NJ : value has been selected from the element : [[ChromeDriver: chrome on WINDOWS (e8a9e8244450b2f1547f482f1b43d560)] -> id: F_state_0]<br>
07457 : value passed to element : [[ChromeDriver: chrome on WINDOWS (e8a9e8244450b2f1547f482f1b43d560)] -> id: F_zipCode_0]<br>
2003 : value passed to element : [[ChromeDriver: chrome on WINDOWS (e8a9e8244450b2f1547f482f1b43d560)] -> id: F_livingYear_0]<br>
Element is clicking : [[ChromeDriver: chrome on WINDOWS (e8a9e8244450b2f1547f482f1b43d560)] -> xpath: //span[text()='Continue ']]<br>
2021 : value passed to element : [[ChromeDriver: chrome on WINDOWS (e8a9e8244450b2f1547f482f1b43d560)] -> id: F_year_0]<br>
HOND : value has been selected from the element : [[ChromeDriver: chrome on WINDOWS (e8a9e8244450b2f1547f482f1b43d560)] -> id: F_make_0]<br>
CIVIC SPORT : value has been selected from the element : [[ChromeDriver: chrome on WINDOWS (e8a9e8244450b2f1547f482f1b43d560)] -> id: F_model_0]<br>
HCHBK 4D, V4, 1.5L, 2WD : value has been selected from the element : [[ChromeDriver: chrome on WINDOWS (e8a9e8244450b2f1547f482f1b43d560)] -> id: F_subModel_0]<br>
002 : value has been selected from the element : [[ChromeDriver: chrome on WINDOWS (e8a9e8244450b2f1547f482f1b43d560)] -> id: F_coverage_0]<br>
2 : value has been selected from the element : [[ChromeDriver: chrome on WINDOWS (e8a9e8244450b2f1547f482f1b43d560)] -> id: F_ownerTitle_0]<br>
3 : value has been selected from the element : [[ChromeDriver: chrome on WINDOWS (e8a9e8244450b2f1547f482f1b43d560)] -> id: F_airbags_0]<br>
2 : value has been selected from the element : [[ChromeDriver: chrome on WINDOWS (e8a9e8244450b2f1547f482f1b43d560)] -> id: F_alarm_0]<br>
3 : value has been selected from the element : [[ChromeDriver: chrome on WINDOWS (e8a9e8244450b2f1547f482f1b43d560)] -> id: F_residentialParking_0]<br>
2 : value has been selected from the element : [[ChromeDriver: chrome on WINDOWS (e8a9e8244450b2f1547f482f1b43d560)] -> xpath: //select[@id='F_usage_0']]<br>
Element is clicking : [[ChromeDriver: chrome on WINDOWS (e8a9e8244450b2f1547f482f1b43d560)] -> xpath: //input[@id='F_anotherVehicle_id_0_1']]<br>
Element is clicking : [[ChromeDriver: chrome on WINDOWS (e8a9e8244450b2f1547f482f1b43d560)] -> id: F_continue_0]<br>]]>
  </system-out>
</testsuite> <!-- com.amfam.test.auto.CarTest -->
